<?xml version="1.0" encoding="UTF-8"?>
<robot generator="Robot 3.2.1 (Python 3.8.5 on win32)" generated="20200728 23:47:48.473" rpa="false">
<suite id="s1" name="TestSuite" source="C:\Rahul\RobotFramework\Workspace\RobotFrameworkDemo\testscripts\TestSuite.robot">
<kw name="Log" library="BuiltIn" type="setup">
<doc>Logs the given message with the given level.</doc>
<arguments>
<arg>I am in Suite setup</arg>
</arguments>
<msg timestamp="20200728 23:47:48.858" level="INFO">I am in Suite setup</msg>
<status status="PASS" starttime="20200728 23:47:48.858" endtime="20200728 23:47:48.858"></status>
</kw>
<test id="s1-t1" name="FirstTest">
<kw name="InitialSetup" type="setup">
<kw name="Log" library="BuiltIn">
<doc>Logs the given message with the given level.</doc>
<arguments>
<arg>InitialSetup</arg>
</arguments>
<msg timestamp="20200728 23:47:48.861" level="INFO">InitialSetup</msg>
<status status="PASS" starttime="20200728 23:47:48.860" endtime="20200728 23:47:48.861"></status>
</kw>
<status status="PASS" starttime="20200728 23:47:48.860" endtime="20200728 23:47:48.861"></status>
</kw>
<kw name="Log" library="BuiltIn">
<doc>Logs the given message with the given level.</doc>
<arguments>
<arg>First Selenium Test</arg>
</arguments>
<msg timestamp="20200728 23:47:48.862" level="INFO">First Selenium Test</msg>
<status status="PASS" starttime="20200728 23:47:48.862" endtime="20200728 23:47:48.862"></status>
</kw>
<kw name="TearDownSetup" type="teardown">
<kw name="Log" library="BuiltIn">
<doc>Logs the given message with the given level.</doc>
<arguments>
<arg>TearDownSetup</arg>
</arguments>
<msg timestamp="20200728 23:47:48.864" level="INFO">TearDownSetup</msg>
<status status="PASS" starttime="20200728 23:47:48.864" endtime="20200728 23:47:48.864"></status>
</kw>
<status status="PASS" starttime="20200728 23:47:48.863" endtime="20200728 23:47:48.864"></status>
</kw>
<tags>
<tag>Smoke</tag>
</tags>
<status status="PASS" starttime="20200728 23:47:48.859" endtime="20200728 23:47:48.865" critical="yes"></status>
</test>
<kw name="Log" library="BuiltIn" type="teardown">
<doc>Logs the given message with the given level.</doc>
<arguments>
<arg>I am in Suite Teardown</arg>
</arguments>
<msg timestamp="20200728 23:47:48.868" level="INFO">I am in Suite Teardown</msg>
<status status="PASS" starttime="20200728 23:47:48.867" endtime="20200728 23:47:48.868"></status>
</kw>
<status status="PASS" starttime="20200728 23:47:48.476" endtime="20200728 23:47:48.868"></status>
</suite>
<statistics>
<total>
<stat pass="1" fail="0">Critical Tests</stat>
<stat pass="1" fail="0">All Tests</stat>
</total>
<tag>
<stat pass="1" fail="0">Smoke</stat>
</tag>
<suite>
<stat pass="1" fail="0" id="s1" name="TestSuite">TestSuite</stat>
</suite>
</statistics>
<errors>
</errors>
</robot>
