<?xml version="1.0" encoding="UTF-8"?>
<robot generator="Robot 3.2.1 (Python 3.8.5 on win32)" generated="20200725 12:13:38.685" rpa="false">
<suite id="s1" name="TestSuite" source="C:\Rahul\RobotFramework\Workspace\RobotFrameworkDemo\testscripts\TestSuite.robot">
<test id="s1-t1" name="FirstTest">
<kw name="Log" library="BuiltIn">
<doc>Logs the given message with the given level.</doc>
<arguments>
<arg>Hello World..</arg>
</arguments>
<msg timestamp="20200725 12:13:39.192" level="INFO">Hello World..</msg>
<status status="PASS" starttime="20200725 12:13:39.192" endtime="20200725 12:13:39.193"></status>
</kw>
<status status="PASS" starttime="20200725 12:13:39.191" endtime="20200725 12:13:39.193" critical="yes"></status>
</test>
<test id="s1-t2" name="SecondSeleniumTest">
<kw name="Open Browser" library="SeleniumLibrary">
<doc>Opens a new browser instance to the optional ``url``.</doc>
<arguments>
<arg>https://www.google.com/</arg>
<arg>${BROWSER}</arg>
</arguments>
<msg timestamp="20200725 12:13:39.196" level="INFO">Opening browser 'Chrome' to base url 'https://www.google.com/'.</msg>
<status status="PASS" starttime="20200725 12:13:39.195" endtime="20200725 12:13:51.623"></status>
</kw>
<kw name="Set Browser Implicit Wait" library="SeleniumLibrary">
<doc>Sets the implicit wait value used by Selenium.</doc>
<arguments>
<arg>5</arg>
</arguments>
<status status="PASS" starttime="20200725 12:13:51.624" endtime="20200725 12:13:51.626"></status>
</kw>
<kw name="Maximize Browser Window" library="SeleniumLibrary">
<doc>Maximizes current browser window.</doc>
<status status="PASS" starttime="20200725 12:13:51.627" endtime="20200725 12:13:53.776"></status>
</kw>
<kw name="Go To" library="SeleniumLibrary">
<doc>Navigates the current browser window to the provided ``url``.</doc>
<arguments>
<arg>${LOGIN URL}[0]</arg>
</arguments>
<msg timestamp="20200725 12:13:53.780" level="INFO">Opening url 'https://www.google.com/'</msg>
<status status="PASS" starttime="20200725 12:13:53.778" endtime="20200725 12:13:55.481"></status>
</kw>
<kw name="Log" library="BuiltIn">
<doc>Logs the given message with the given level.</doc>
<arguments>
<arg>Test Started</arg>
</arguments>
<msg timestamp="20200725 12:13:55.483" level="INFO">Test Started</msg>
<status status="PASS" starttime="20200725 12:13:55.482" endtime="20200725 12:13:55.483"></status>
</kw>
<kw name="Input Text" library="SeleniumLibrary">
<doc>Types the given ``text`` into the text field identified by ``locator``.</doc>
<arguments>
<arg>name=q</arg>
<arg>RobotFramework</arg>
</arguments>
<msg timestamp="20200725 12:13:55.484" level="INFO">Typing text 'RobotFramework' into text field 'name=q'.</msg>
<status status="PASS" starttime="20200725 12:13:55.483" endtime="20200725 12:13:55.820"></status>
</kw>
<kw name="Press Keys" library="SeleniumLibrary">
<doc>Simulates the user pressing key(s) to an element or on the active browser.</doc>
<arguments>
<arg>name=q</arg>
<arg>ENTER</arg>
</arguments>
<msg timestamp="20200725 12:13:55.821" level="INFO">Sending key(s) ('ENTER',) to name=q element.</msg>
<msg timestamp="20200725 12:13:55.917" level="INFO">Pressing special key ENTER to element.</msg>
<msg timestamp="20200725 12:13:55.917" level="INFO">Releasing special key ENTER.</msg>
<status status="PASS" starttime="20200725 12:13:55.821" endtime="20200725 12:14:04.140"></status>
</kw>
<kw name="Sleep" library="BuiltIn">
<doc>Pauses the test executed for the given time.</doc>
<arguments>
<arg>2</arg>
</arguments>
<msg timestamp="20200725 12:14:06.142" level="INFO">Slept 2 seconds</msg>
<status status="PASS" starttime="20200725 12:14:04.141" endtime="20200725 12:14:06.142"></status>
</kw>
<kw name="Close Browser" library="SeleniumLibrary">
<doc>Closes the current browser.</doc>
<status status="PASS" starttime="20200725 12:14:06.143" endtime="20200725 12:14:10.297"></status>
</kw>
<kw name="Log" library="BuiltIn">
<doc>Logs the given message with the given level.</doc>
<arguments>
<arg>Test Completed</arg>
</arguments>
<msg timestamp="20200725 12:14:10.298" level="INFO">Test Completed</msg>
<status status="PASS" starttime="20200725 12:14:10.298" endtime="20200725 12:14:10.298"></status>
</kw>
<status status="PASS" starttime="20200725 12:13:39.194" endtime="20200725 12:14:10.299" critical="yes"></status>
</test>
<test id="s1-t3" name="LoginTest">
<kw name="Create Webdriver" library="SeleniumLibrary">
<doc>Creates an instance of Selenium WebDriver.</doc>
<arguments>
<arg>Chrome</arg>
<arg>executable_path=C:/Rahul/ITMSAutomation/Backup/21-07-20-V2/ITMSAutomationV2/src/main/resources/drivers/chromedriver.exe</arg>
</arguments>
<msg timestamp="20200725 12:14:10.303" level="INFO">Creating an instance of the Chrome WebDriver.</msg>
<status status="PASS" starttime="20200725 12:14:10.302" endtime="20200725 12:14:16.426"></status>
</kw>
<kw name="Maximize Browser Window" library="SeleniumLibrary">
<doc>Maximizes current browser window.</doc>
<status status="PASS" starttime="20200725 12:14:16.428" endtime="20200725 12:14:18.560"></status>
</kw>
<kw name="Set Browser Implicit Wait" library="SeleniumLibrary">
<doc>Sets the implicit wait value used by Selenium.</doc>
<arguments>
<arg>5</arg>
</arguments>
<status status="PASS" starttime="20200725 12:14:18.562" endtime="20200725 12:14:18.565"></status>
</kw>
<kw name="Go To" library="SeleniumLibrary">
<doc>Navigates the current browser window to the provided ``url``.</doc>
<arguments>
<arg>${LOGIN URL}[1]</arg>
</arguments>
<msg timestamp="20200725 12:14:18.567" level="INFO">Opening url 'https://opensource-demo.orangehrmlive.com/'</msg>
<status status="PASS" starttime="20200725 12:14:18.566" endtime="20200725 12:14:23.633"></status>
</kw>
<kw name="Log" library="BuiltIn">
<doc>Logs the given message with the given level.</doc>
<arguments>
<arg>Test Started</arg>
</arguments>
<msg timestamp="20200725 12:14:23.635" level="INFO">Test Started</msg>
<status status="PASS" starttime="20200725 12:14:23.634" endtime="20200725 12:14:23.635"></status>
</kw>
<kw name="Input Text" library="SeleniumLibrary">
<doc>Types the given ``text`` into the text field identified by ``locator``.</doc>
<arguments>
<arg>name=txtUsername</arg>
<arg>Admin</arg>
</arguments>
<msg timestamp="20200725 12:14:23.636" level="INFO">Typing text 'Admin' into text field 'name=txtUsername'.</msg>
<status status="PASS" starttime="20200725 12:14:23.636" endtime="20200725 12:14:23.785"></status>
</kw>
<kw name="Input Password" library="SeleniumLibrary">
<doc>Types the given password into the text field identified by ``locator``.</doc>
<arguments>
<arg>name=txtPassword</arg>
<arg>admin123</arg>
</arguments>
<msg timestamp="20200725 12:14:23.787" level="INFO">Typing password into text field 'name=txtPassword'.</msg>
<msg timestamp="20200725 12:14:23.837" level="INFO">Temporally setting log level to: NONE</msg>
<msg timestamp="20200725 12:14:23.970" level="INFO">Log level changed from NONE to INFO.</msg>
<status status="PASS" starttime="20200725 12:14:23.787" endtime="20200725 12:14:23.970"></status>
</kw>
<kw name="Click Button" library="SeleniumLibrary">
<doc>Clicks the button identified by ``locator``.</doc>
<arguments>
<arg>id=btnLogin</arg>
</arguments>
<msg timestamp="20200725 12:14:23.971" level="INFO">Clicking button 'id=btnLogin'.</msg>
<status status="PASS" starttime="20200725 12:14:23.971" endtime="20200725 12:14:33.263"></status>
</kw>
<kw name="Click Element" library="SeleniumLibrary">
<doc>Click the element identified by ``locator``.</doc>
<arguments>
<arg>id=welcome</arg>
</arguments>
<msg timestamp="20200725 12:14:33.265" level="INFO">Clicking element 'id=welcome'.</msg>
<status status="PASS" starttime="20200725 12:14:33.264" endtime="20200725 12:14:33.356"></status>
</kw>
<kw name="Click Element" library="SeleniumLibrary">
<doc>Click the element identified by ``locator``.</doc>
<arguments>
<arg>link=Logout</arg>
</arguments>
<msg timestamp="20200725 12:14:33.358" level="INFO">Clicking element 'link=Logout'.</msg>
<status status="PASS" starttime="20200725 12:14:33.358" endtime="20200725 12:14:35.752"></status>
</kw>
<kw name="Close Browser" library="SeleniumLibrary">
<doc>Closes the current browser.</doc>
<status status="PASS" starttime="20200725 12:14:35.753" endtime="20200725 12:14:39.878"></status>
</kw>
<kw name="Log" library="BuiltIn">
<doc>Logs the given message with the given level.</doc>
<arguments>
<arg>Test Completed</arg>
</arguments>
<msg timestamp="20200725 12:14:39.879" level="INFO">Test Completed</msg>
<status status="PASS" starttime="20200725 12:14:39.879" endtime="20200725 12:14:39.879"></status>
</kw>
<doc>This is a OrangeHRM Application Login Test</doc>
<status status="PASS" starttime="20200725 12:14:10.301" endtime="20200725 12:14:39.880" critical="yes"></status>
</test>
<status status="PASS" starttime="20200725 12:13:38.689" endtime="20200725 12:14:39.884"></status>
</suite>
<statistics>
<total>
<stat pass="3" fail="0">Critical Tests</stat>
<stat pass="3" fail="0">All Tests</stat>
</total>
<tag>
</tag>
<suite>
<stat pass="3" fail="0" id="s1" name="TestSuite">TestSuite</stat>
</suite>
</statistics>
<errors>
</errors>
</robot>
